* installing *source* package 'dabtab.basic' ...
** using staged installation
** R
** data
*** moving datasets to lazyload DB
Warning in scan(file = file, what = what, sep = sep, quote = quote, dec = dec,  :
  EOF within quoted string
Warning in scan(file = file, what = what, sep = sep, quote = quote, dec = dec,  :
  EOF within quoted string
** inst
** byte-compile and prepare package for lazy loading
Warning messages:
1: package 'magrittr' was built under R version 4.1.3 
2: package 'lubridate' was built under R version 4.1.3 
3: package 'tidyr' was built under R version 4.1.3 
Error in library("shinydashboard") : 
  there is no package called 'shinydashboard'
Error: unable to load R code in package 'dabtab.basic'
Execution halted
ERROR: lazy loading failed for package 'dabtab.basic'
* removing 'C:/Users/DELL75~1/DOCUME~1/R/WIN-LI~1/4.1/DABTAB~1/DABTAB~2.RCH/dabtab.basic'
